2026-02-23T13:41:06.960Z [INFO] Servidor Diesel Ctrl ejecut치ndose en http://localhost:3000 
2026-02-23T13:41:06.964Z [INFO] 游닍 Backup autom치tico creado: backup_2026-02-23T13-41-06-948Z.sqlite 
2026-02-23T15:10:46.215Z [INFO] Recibida se침al SIGINT, cerrando servidor... 
2026-02-23T15:10:49.028Z [INFO] Servidor Diesel Ctrl ejecut치ndose en http://localhost:3000 
2026-02-23T15:10:49.032Z [INFO] 游닍 Backup autom치tico creado: backup_2026-02-23T15-10-49-020Z.sqlite 
2026-02-23T15:20:27.173Z [INFO] Recibida se침al SIGINT, cerrando servidor... 
2026-02-23T15:20:29.245Z [INFO] Servidor Diesel Ctrl ejecut치ndose en http://localhost:3000 
2026-02-23T15:20:29.249Z [INFO] 游닍 Backup autom치tico creado: backup_2026-02-23T15-20-29-236Z.sqlite 
2026-02-23T15:35:45.323Z [INFO] Recibida se침al SIGINT, cerrando servidor... 
2026-02-23T15:35:47.452Z [INFO] Servidor Diesel Ctrl ejecut치ndose en http://localhost:3000 
2026-02-23T15:35:47.456Z [INFO] 游닍 Backup autom치tico creado: backup_2026-02-23T15-35-47-439Z.sqlite 
2026-02-23T15:40:28.913Z [INFO] Recibida se침al SIGINT, cerrando servidor... 
2026-02-23T15:40:31.172Z [INFO] Servidor Diesel Ctrl ejecut치ndose en http://localhost:3000 
2026-02-23T15:40:31.177Z [INFO] 游닍 Backup autom치tico creado: backup_2026-02-23T15-40-31-163Z.sqlite 
2026-02-23T15:43:55.482Z [INFO] Recibida se침al SIGINT, cerrando servidor... 
2026-02-23T15:43:57.430Z [INFO] Servidor Diesel Ctrl ejecut치ndose en http://localhost:3000 
2026-02-23T15:43:57.434Z [INFO] 游닍 Backup autom치tico creado: backup_2026-02-23T15-43-57-422Z.sqlite 
2026-02-23T16:39:25.876Z [INFO] Servidor Diesel Ctrl ejecut치ndose en http://localhost:3000 
2026-02-23T16:39:25.880Z [INFO] 游닍 Backup autom치tico creado: backup_2026-02-23T16-39-25-865Z.sqlite 
2026-02-23T16:53:15.248Z [INFO] Recibida se침al SIGINT, cerrando servidor... 
2026-02-23T16:53:17.171Z [INFO] Servidor Diesel Ctrl ejecut치ndose en http://localhost:3000 
2026-02-23T16:53:17.175Z [INFO] 游닍 Backup autom치tico creado: backup_2026-02-23T16-53-17-163Z.sqlite 
2026-02-23T17:08:44.457Z [INFO] Recibida se침al SIGINT, cerrando servidor... 
2026-02-23T17:08:46.858Z [INFO] Servidor Diesel Ctrl ejecut치ndose en http://localhost:3000 
2026-02-23T17:08:46.862Z [INFO] 游닍 Backup autom치tico creado: backup_2026-02-23T17-08-46-850Z.sqlite 
2026-02-23T17:56:29.273Z [INFO] Recibida se침al SIGINT, cerrando servidor... 
2026-02-23T17:56:32.166Z [INFO] Servidor Diesel Ctrl ejecut치ndose en http://localhost:3000 
2026-02-23T17:56:32.187Z [INFO] 游닍 Backup autom치tico creado: backup_2026-02-23T17-56-32-064Z.sqlite 
2026-02-23T18:03:08.448Z [INFO] Recibida se침al SIGINT, cerrando servidor... 
2026-02-23T18:03:10.208Z [INFO] Servidor Diesel Ctrl ejecut치ndose en http://localhost:3000 
2026-02-23T18:03:10.214Z [INFO] 游닍 Backup autom치tico creado: backup_2026-02-23T18-03-10-187Z.sqlite 
2026-02-23T19:15:44.876Z [INFO] Servidor Diesel Ctrl ejecut치ndose en http://localhost:3000 
2026-02-23T19:15:44.892Z [INFO] 游닍 Backup autom치tico creado: backup_2026-02-23T19-15-44-850Z.sqlite 
2026-02-23T19:31:55.793Z [INFO] Recibida se침al SIGINT, cerrando servidor... 
2026-02-23T19:39:43.171Z [INFO] Servidor Diesel Ctrl ejecut치ndose en http://localhost:3000 
2026-02-23T19:39:43.174Z [INFO] 游닍 Backup autom치tico creado: backup_2026-02-23T19-39-43-162Z.sqlite 
2026-02-23T19:39:49.703Z [ERROR] Error en ventas-rango getVentasRango is not a function {"stack":"TypeError: getVentasRango is not a function\n    at C:\\Users\\ALPHA DIESEL\\Documents\\Diesel-CTRL\\server\\routes\\reportes.js:62:18\n    at Layer.handle [as handle_request] (C:\\Users\\ALPHA DIESEL\\Documents\\Diesel-CTRL\\node_modules\\express\\lib\\router\\layer.js:95:5)\n    at next (C:\\Users\\ALPHA DIESEL\\Documents\\Diesel-CTRL\\node_modules\\express\\lib\\router\\route.js:149:13)\n    at forbidSuperadmin (C:\\Users\\ALPHA DIESEL\\Documents\\Diesel-CTRL\\server\\routes\\reportes.js:39:3)\n    at Layer.handle [as handle_request] (C:\\Users\\ALPHA DIESEL\\Documents\\Diesel-CTRL\\node_modules\\express\\lib\\router\\layer.js:95:5)\n    at next (C:\\Users\\ALPHA DIESEL\\Documents\\Diesel-CTRL\\node_modules\\express\\lib\\router\\route.js:149:13)\n    at requireAuth (C:\\Users\\ALPHA DIESEL\\Documents\\Diesel-CTRL\\server\\routes\\auth.js:433:14)\n    at Layer.handle [as handle_request] (C:\\Users\\ALPHA DIESEL\\Documents\\Diesel-CTRL\\node_modules\\express\\lib\\router\\layer.js:95:5)\n    at next (C:\\Users\\ALPHA DIESEL\\Documents\\Diesel-CTRL\\node_modules\\express\\lib\\router\\route.js:149:13)\n    at Route.dispatch (C:\\Users\\ALPHA DIESEL\\Documents\\Diesel-CTRL\\node_modules\\express\\lib\\router\\route.js:119:3)","url":"/reportes/ventas-rango?desde=2026-02-23&hasta=2026-02-23","method":"GET","user":1}
2026-02-23T19:39:55.573Z [ERROR] Error en ventas-rango getVentasRango is not a function {"stack":"TypeError: getVentasRango is not a function\n    at C:\\Users\\ALPHA DIESEL\\Documents\\Diesel-CTRL\\server\\routes\\reportes.js:62:18\n    at Layer.handle [as handle_request] (C:\\Users\\ALPHA DIESEL\\Documents\\Diesel-CTRL\\node_modules\\express\\lib\\router\\layer.js:95:5)\n    at next (C:\\Users\\ALPHA DIESEL\\Documents\\Diesel-CTRL\\node_modules\\express\\lib\\router\\route.js:149:13)\n    at forbidSuperadmin (C:\\Users\\ALPHA DIESEL\\Documents\\Diesel-CTRL\\server\\routes\\reportes.js:39:3)\n    at Layer.handle [as handle_request] (C:\\Users\\ALPHA DIESEL\\Documents\\Diesel-CTRL\\node_modules\\express\\lib\\router\\layer.js:95:5)\n    at next (C:\\Users\\ALPHA DIESEL\\Documents\\Diesel-CTRL\\node_modules\\express\\lib\\router\\route.js:149:13)\n    at requireAuth (C:\\Users\\ALPHA DIESEL\\Documents\\Diesel-CTRL\\server\\routes\\auth.js:433:14)\n    at Layer.handle [as handle_request] (C:\\Users\\ALPHA DIESEL\\Documents\\Diesel-CTRL\\node_modules\\express\\lib\\router\\layer.js:95:5)\n    at next (C:\\Users\\ALPHA DIESEL\\Documents\\Diesel-CTRL\\node_modules\\express\\lib\\router\\route.js:149:13)\n    at Route.dispatch (C:\\Users\\ALPHA DIESEL\\Documents\\Diesel-CTRL\\node_modules\\express\\lib\\router\\route.js:119:3)","url":"/reportes/ventas-rango?desde=2026-02-23&hasta=2026-02-23","method":"GET","user":1}
2026-02-23T19:39:59.322Z [ERROR] Error en ventas-rango getVentasRango is not a function {"stack":"TypeError: getVentasRango is not a function\n    at C:\\Users\\ALPHA DIESEL\\Documents\\Diesel-CTRL\\server\\routes\\reportes.js:62:18\n    at Layer.handle [as handle_request] (C:\\Users\\ALPHA DIESEL\\Documents\\Diesel-CTRL\\node_modules\\express\\lib\\router\\layer.js:95:5)\n    at next (C:\\Users\\ALPHA DIESEL\\Documents\\Diesel-CTRL\\node_modules\\express\\lib\\router\\route.js:149:13)\n    at forbidSuperadmin (C:\\Users\\ALPHA DIESEL\\Documents\\Diesel-CTRL\\server\\routes\\reportes.js:39:3)\n    at Layer.handle [as handle_request] (C:\\Users\\ALPHA DIESEL\\Documents\\Diesel-CTRL\\node_modules\\express\\lib\\router\\layer.js:95:5)\n    at next (C:\\Users\\ALPHA DIESEL\\Documents\\Diesel-CTRL\\node_modules\\express\\lib\\router\\route.js:149:13)\n    at requireAuth (C:\\Users\\ALPHA DIESEL\\Documents\\Diesel-CTRL\\server\\routes\\auth.js:433:14)\n    at Layer.handle [as handle_request] (C:\\Users\\ALPHA DIESEL\\Documents\\Diesel-CTRL\\node_modules\\express\\lib\\router\\layer.js:95:5)\n    at next (C:\\Users\\ALPHA DIESEL\\Documents\\Diesel-CTRL\\node_modules\\express\\lib\\router\\route.js:149:13)\n    at Route.dispatch (C:\\Users\\ALPHA DIESEL\\Documents\\Diesel-CTRL\\node_modules\\express\\lib\\router\\route.js:119:3)","url":"/reportes/ventas-rango?desde=2026-02-23&hasta=2026-02-23","method":"GET","user":1}
2026-02-23T19:40:00.570Z [ERROR] Error en ventas-rango getVentasRango is not a function {"stack":"TypeError: getVentasRango is not a function\n    at C:\\Users\\ALPHA DIESEL\\Documents\\Diesel-CTRL\\server\\routes\\reportes.js:62:18\n    at Layer.handle [as handle_request] (C:\\Users\\ALPHA DIESEL\\Documents\\Diesel-CTRL\\node_modules\\express\\lib\\router\\layer.js:95:5)\n    at next (C:\\Users\\ALPHA DIESEL\\Documents\\Diesel-CTRL\\node_modules\\express\\lib\\router\\route.js:149:13)\n    at forbidSuperadmin (C:\\Users\\ALPHA DIESEL\\Documents\\Diesel-CTRL\\server\\routes\\reportes.js:39:3)\n    at Layer.handle [as handle_request] (C:\\Users\\ALPHA DIESEL\\Documents\\Diesel-CTRL\\node_modules\\express\\lib\\router\\layer.js:95:5)\n    at next (C:\\Users\\ALPHA DIESEL\\Documents\\Diesel-CTRL\\node_modules\\express\\lib\\router\\route.js:149:13)\n    at requireAuth (C:\\Users\\ALPHA DIESEL\\Documents\\Diesel-CTRL\\server\\routes\\auth.js:433:14)\n    at Layer.handle [as handle_request] (C:\\Users\\ALPHA DIESEL\\Documents\\Diesel-CTRL\\node_modules\\express\\lib\\router\\layer.js:95:5)\n    at next (C:\\Users\\ALPHA DIESEL\\Documents\\Diesel-CTRL\\node_modules\\express\\lib\\router\\route.js:149:13)\n    at Route.dispatch (C:\\Users\\ALPHA DIESEL\\Documents\\Diesel-CTRL\\node_modules\\express\\lib\\router\\route.js:119:3)","url":"/reportes/ventas-rango?desde=2026-02-23&hasta=2026-02-23","method":"GET","user":1}
2026-02-23T19:40:04.197Z [ERROR] Error en ventas-rango getVentasRango is not a function {"stack":"TypeError: getVentasRango is not a function\n    at C:\\Users\\ALPHA DIESEL\\Documents\\Diesel-CTRL\\server\\routes\\reportes.js:62:18\n    at Layer.handle [as handle_request] (C:\\Users\\ALPHA DIESEL\\Documents\\Diesel-CTRL\\node_modules\\express\\lib\\router\\layer.js:95:5)\n    at next (C:\\Users\\ALPHA DIESEL\\Documents\\Diesel-CTRL\\node_modules\\express\\lib\\router\\route.js:149:13)\n    at forbidSuperadmin (C:\\Users\\ALPHA DIESEL\\Documents\\Diesel-CTRL\\server\\routes\\reportes.js:39:3)\n    at Layer.handle [as handle_request] (C:\\Users\\ALPHA DIESEL\\Documents\\Diesel-CTRL\\node_modules\\express\\lib\\router\\layer.js:95:5)\n    at next (C:\\Users\\ALPHA DIESEL\\Documents\\Diesel-CTRL\\node_modules\\express\\lib\\router\\route.js:149:13)\n    at requireAuth (C:\\Users\\ALPHA DIESEL\\Documents\\Diesel-CTRL\\server\\routes\\auth.js:433:14)\n    at Layer.handle [as handle_request] (C:\\Users\\ALPHA DIESEL\\Documents\\Diesel-CTRL\\node_modules\\express\\lib\\router\\layer.js:95:5)\n    at next (C:\\Users\\ALPHA DIESEL\\Documents\\Diesel-CTRL\\node_modules\\express\\lib\\router\\route.js:149:13)\n    at Route.dispatch (C:\\Users\\ALPHA DIESEL\\Documents\\Diesel-CTRL\\node_modules\\express\\lib\\router\\route.js:119:3)","url":"/reportes/ventas-rango?desde=2026-02-23&hasta=2026-02-23","method":"GET","user":1}
2026-02-23T19:40:06.348Z [ERROR] Error en ventas-rango getVentasRango is not a function {"stack":"TypeError: getVentasRango is not a function\n    at C:\\Users\\ALPHA DIESEL\\Documents\\Diesel-CTRL\\server\\routes\\reportes.js:62:18\n    at Layer.handle [as handle_request] (C:\\Users\\ALPHA DIESEL\\Documents\\Diesel-CTRL\\node_modules\\express\\lib\\router\\layer.js:95:5)\n    at next (C:\\Users\\ALPHA DIESEL\\Documents\\Diesel-CTRL\\node_modules\\express\\lib\\router\\route.js:149:13)\n    at forbidSuperadmin (C:\\Users\\ALPHA DIESEL\\Documents\\Diesel-CTRL\\server\\routes\\reportes.js:39:3)\n    at Layer.handle [as handle_request] (C:\\Users\\ALPHA DIESEL\\Documents\\Diesel-CTRL\\node_modules\\express\\lib\\router\\layer.js:95:5)\n    at next (C:\\Users\\ALPHA DIESEL\\Documents\\Diesel-CTRL\\node_modules\\express\\lib\\router\\route.js:149:13)\n    at requireAuth (C:\\Users\\ALPHA DIESEL\\Documents\\Diesel-CTRL\\server\\routes\\auth.js:433:14)\n    at Layer.handle [as handle_request] (C:\\Users\\ALPHA DIESEL\\Documents\\Diesel-CTRL\\node_modules\\express\\lib\\router\\layer.js:95:5)\n    at next (C:\\Users\\ALPHA DIESEL\\Documents\\Diesel-CTRL\\node_modules\\express\\lib\\router\\route.js:149:13)\n    at Route.dispatch (C:\\Users\\ALPHA DIESEL\\Documents\\Diesel-CTRL\\node_modules\\express\\lib\\router\\route.js:119:3)","url":"/reportes/ventas-rango?desde=2026-02-23&hasta=2026-02-23","method":"GET","user":1}
2026-02-23T19:46:53.496Z [INFO] Recibida se침al SIGINT, cerrando servidor... 
2026-02-23T19:46:55.313Z [INFO] Servidor Diesel Ctrl ejecut치ndose en http://localhost:3000 
2026-02-23T19:46:55.317Z [INFO] 游닍 Backup autom치tico creado: backup_2026-02-23T19-46-55-305Z.sqlite 
2026-02-23T19:53:31.254Z [INFO] Recibida se침al SIGINT, cerrando servidor... 
2026-02-23T19:53:33.141Z [INFO] Servidor Diesel Ctrl ejecut치ndose en http://localhost:3000 
2026-02-23T19:53:33.145Z [INFO] 游닍 Backup autom치tico creado: backup_2026-02-23T19-53-33-132Z.sqlite 
2026-02-23T19:59:22.351Z [INFO] Recibida se침al SIGINT, cerrando servidor... 
2026-02-23T19:59:24.226Z [INFO] Servidor Diesel Ctrl ejecut치ndose en http://localhost:3000 
2026-02-23T19:59:24.230Z [INFO] 游닍 Backup autom치tico creado: backup_2026-02-23T19-59-24-218Z.sqlite 
2026-02-23T20:13:09.807Z [INFO] Recibida se침al SIGINT, cerrando servidor... 
2026-02-23T20:13:11.652Z [INFO] Servidor Diesel Ctrl ejecut치ndose en http://localhost:3000 
2026-02-23T20:13:11.656Z [INFO] 游닍 Backup autom치tico creado: backup_2026-02-23T20-13-11-643Z.sqlite 
2026-02-23T20:17:15.982Z [INFO] Recibida se침al SIGINT, cerrando servidor... 
2026-02-23T20:18:22.763Z [INFO] Servidor Diesel Ctrl ejecut치ndose en http://localhost:3000 
2026-02-23T20:18:22.767Z [INFO] 游닍 Backup autom치tico creado: backup_2026-02-23T20-18-22-755Z.sqlite 
2026-02-23T20:39:29.682Z [INFO] Servidor Diesel Ctrl ejecut치ndose en http://localhost:3000 
2026-02-23T20:39:29.700Z [INFO] 游닍 Backup autom치tico creado: backup_2026-02-23T20-39-29-656Z.sqlite 
2026-02-23T21:02:13.763Z [INFO] Recibida se침al SIGINT, cerrando servidor... 
2026-02-23T21:02:16.061Z [INFO] Servidor Diesel Ctrl ejecut치ndose en http://localhost:3000 
2026-02-23T21:02:16.065Z [INFO] 游닍 Backup autom치tico creado: backup_2026-02-23T21-02-16-051Z.sqlite 
2026-02-23T21:14:54.752Z [INFO] Recibida se침al SIGINT, cerrando servidor... 
2026-02-23T21:15:04.763Z [ERROR] Forzando cierre del proceso tras 10s. 
