2026-03-09T14:09:52.047Z [INFO] Servidor Diesel Ctrl ejecutándose en http://localhost:3000 
2026-03-09T14:09:52.052Z [INFO] 📦 Backup automático creado: backup_2026-03-09T14-09-52-031Z.sqlite 
2026-03-09T14:31:11.524Z [INFO] Recibida señal SIGINT, cerrando servidor... 
2026-03-09T14:31:26.986Z [INFO] Servidor Diesel Ctrl ejecutándose en http://localhost:3000 
2026-03-09T14:31:26.989Z [INFO] 📦 Backup automático creado: backup_2026-03-09T14-31-26-977Z.sqlite 
2026-03-09T14:32:35.615Z [ERROR] Error procesando la venta Stock insuficiente para el producto: 8-97189549-0 {"stack":"Error: Stock insuficiente para el producto: 8-97189549-0\n    at C:\\Users\\ALPHA DIESEL\\Documents\\Diesel-CTRL\\server\\services\\ventasService.js:152:23\n    at sqliteTransaction (C:\\Users\\ALPHA DIESEL\\Documents\\Diesel-CTRL\\node_modules\\better-sqlite3\\lib\\methods\\transaction.js:65:24)\n    at registrarVenta (C:\\Users\\ALPHA DIESEL\\Documents\\Diesel-CTRL\\server\\services\\ventasService.js:241:12)\n    at C:\\Users\\ALPHA DIESEL\\Documents\\Diesel-CTRL\\server\\routes\\ventas.js:28:45\n    at Layer.handle [as handle_request] (C:\\Users\\ALPHA DIESEL\\Documents\\Diesel-CTRL\\node_modules\\express\\lib\\router\\layer.js:95:5)\n    at next (C:\\Users\\ALPHA DIESEL\\Documents\\Diesel-CTRL\\node_modules\\express\\lib\\router\\route.js:149:13)\n    at forbidSuperadmin (C:\\Users\\ALPHA DIESEL\\Documents\\Diesel-CTRL\\server\\routes\\ventas.js:12:5)\n    at Layer.handle [as handle_request] (C:\\Users\\ALPHA DIESEL\\Documents\\Diesel-CTRL\\node_modules\\express\\lib\\router\\layer.js:95:5)\n    at next (C:\\Users\\ALPHA DIESEL\\Documents\\Diesel-CTRL\\node_modules\\express\\lib\\router\\route.js:149:13)\n    at requireAuth (C:\\Users\\ALPHA DIESEL\\Documents\\Diesel-CTRL\\server\\routes\\auth.js:433:14)","url":"/ventas","method":"POST","user":3,"items":1,"cliente":"THE GARAGE ORIENTE, C.A"}
2026-03-09T14:34:04.065Z [ERROR] Error procesando la venta Stock insuficiente para el producto: 8-97189549-0 {"stack":"Error: Stock insuficiente para el producto: 8-97189549-0\n    at C:\\Users\\ALPHA DIESEL\\Documents\\Diesel-CTRL\\server\\services\\ventasService.js:152:23\n    at sqliteTransaction (C:\\Users\\ALPHA DIESEL\\Documents\\Diesel-CTRL\\node_modules\\better-sqlite3\\lib\\methods\\transaction.js:65:24)\n    at registrarVenta (C:\\Users\\ALPHA DIESEL\\Documents\\Diesel-CTRL\\server\\services\\ventasService.js:241:12)\n    at C:\\Users\\ALPHA DIESEL\\Documents\\Diesel-CTRL\\server\\routes\\ventas.js:28:45\n    at Layer.handle [as handle_request] (C:\\Users\\ALPHA DIESEL\\Documents\\Diesel-CTRL\\node_modules\\express\\lib\\router\\layer.js:95:5)\n    at next (C:\\Users\\ALPHA DIESEL\\Documents\\Diesel-CTRL\\node_modules\\express\\lib\\router\\route.js:149:13)\n    at forbidSuperadmin (C:\\Users\\ALPHA DIESEL\\Documents\\Diesel-CTRL\\server\\routes\\ventas.js:12:5)\n    at Layer.handle [as handle_request] (C:\\Users\\ALPHA DIESEL\\Documents\\Diesel-CTRL\\node_modules\\express\\lib\\router\\layer.js:95:5)\n    at next (C:\\Users\\ALPHA DIESEL\\Documents\\Diesel-CTRL\\node_modules\\express\\lib\\router\\route.js:149:13)\n    at requireAuth (C:\\Users\\ALPHA DIESEL\\Documents\\Diesel-CTRL\\server\\routes\\auth.js:433:14)","url":"/ventas","method":"POST","user":3,"items":1,"cliente":"THE GARAGE ORIENTE, C.A"}
2026-03-09T14:38:56.165Z [ERROR] Error procesando la venta Stock insuficiente para el producto: 8-97189549-0 {"stack":"Error: Stock insuficiente para el producto: 8-97189549-0\n    at C:\\Users\\ALPHA DIESEL\\Documents\\Diesel-CTRL\\server\\services\\ventasService.js:152:23\n    at sqliteTransaction (C:\\Users\\ALPHA DIESEL\\Documents\\Diesel-CTRL\\node_modules\\better-sqlite3\\lib\\methods\\transaction.js:65:24)\n    at registrarVenta (C:\\Users\\ALPHA DIESEL\\Documents\\Diesel-CTRL\\server\\services\\ventasService.js:241:12)\n    at C:\\Users\\ALPHA DIESEL\\Documents\\Diesel-CTRL\\server\\routes\\ventas.js:28:45\n    at Layer.handle [as handle_request] (C:\\Users\\ALPHA DIESEL\\Documents\\Diesel-CTRL\\node_modules\\express\\lib\\router\\layer.js:95:5)\n    at next (C:\\Users\\ALPHA DIESEL\\Documents\\Diesel-CTRL\\node_modules\\express\\lib\\router\\route.js:149:13)\n    at forbidSuperadmin (C:\\Users\\ALPHA DIESEL\\Documents\\Diesel-CTRL\\server\\routes\\ventas.js:12:5)\n    at Layer.handle [as handle_request] (C:\\Users\\ALPHA DIESEL\\Documents\\Diesel-CTRL\\node_modules\\express\\lib\\router\\layer.js:95:5)\n    at next (C:\\Users\\ALPHA DIESEL\\Documents\\Diesel-CTRL\\node_modules\\express\\lib\\router\\route.js:149:13)\n    at requireAuth (C:\\Users\\ALPHA DIESEL\\Documents\\Diesel-CTRL\\server\\routes\\auth.js:433:14)","url":"/ventas","method":"POST","user":3,"items":1,"cliente":"THE GARAGE ORIENTE, C.A"}
2026-03-09T15:02:52.799Z [INFO] Servidor Diesel Ctrl ejecutándose en http://localhost:3000 
2026-03-09T15:02:52.803Z [INFO] 📦 Backup automático creado: backup_2026-03-09T15-02-52-789Z.sqlite 
2026-03-09T15:03:30.677Z [WARN] Intento fallido de login para usuario ventas1 (5), intentos: 1 
2026-03-09T15:19:12.394Z [INFO] Recibida señal SIGINT, cerrando servidor... 
2026-03-09T15:19:15.523Z [INFO] Servidor Diesel Ctrl ejecutándose en http://localhost:3000 
2026-03-09T15:19:15.527Z [INFO] 📦 Backup automático creado: backup_2026-03-09T15-19-15-512Z.sqlite 
2026-03-09T15:35:41.805Z [INFO] Recibida señal SIGINT, cerrando servidor... 
2026-03-09T15:35:44.022Z [INFO] Servidor Diesel Ctrl ejecutándose en http://localhost:3000 
2026-03-09T15:35:44.026Z [INFO] 📦 Backup automático creado: backup_2026-03-09T15-35-44-012Z.sqlite 
2026-03-09T15:41:21.812Z [INFO] Recibida señal SIGINT, cerrando servidor... 
2026-03-09T15:41:23.670Z [INFO] Servidor Diesel Ctrl ejecutándose en http://localhost:3000 
2026-03-09T15:41:23.673Z [INFO] 📦 Backup automático creado: backup_2026-03-09T15-41-23-661Z.sqlite 
2026-03-09T15:54:10.436Z [INFO] Recibida señal SIGINT, cerrando servidor... 
2026-03-09T15:54:33.302Z [INFO] Servidor Diesel Ctrl ejecutándose en http://localhost:3000 
2026-03-09T15:54:33.305Z [INFO] 📦 Backup automático creado: backup_2026-03-09T15-54-33-293Z.sqlite 
2026-03-09T16:20:51.569Z [INFO] Recibida señal SIGINT, cerrando servidor... 
2026-03-09T16:42:44.103Z [INFO] Servidor Diesel Ctrl ejecutándose en http://localhost:3000 
2026-03-09T16:42:44.107Z [INFO] 📦 Backup automático creado: backup_2026-03-09T16-42-44-094Z.sqlite 
2026-03-09T16:50:05.499Z [INFO] Recibida señal SIGINT, cerrando servidor... 
2026-03-09T17:21:06.105Z [INFO] Servidor Diesel Ctrl ejecutándose en http://localhost:3000 
2026-03-09T17:21:06.109Z [INFO] 📦 Backup automático creado: backup_2026-03-09T17-21-06-093Z.sqlite 
2026-03-09T18:19:24.095Z [INFO] Recibida señal SIGINT, cerrando servidor... 
2026-03-09T18:19:26.903Z [INFO] Servidor Diesel Ctrl ejecutándose en http://localhost:3000 
2026-03-09T18:19:26.949Z [INFO] 📦 Backup automático creado: backup_2026-03-09T18-19-26-846Z.sqlite 
2026-03-09T18:24:11.474Z [INFO] Recibida señal SIGINT, cerrando servidor... 
2026-03-09T18:24:14.218Z [INFO] Servidor Diesel Ctrl ejecutándose en http://localhost:3000 
2026-03-09T18:24:14.223Z [INFO] 📦 Backup automático creado: backup_2026-03-09T18-24-14-208Z.sqlite 
2026-03-09T18:26:24.073Z [INFO] Recibida señal SIGINT, cerrando servidor... 
2026-03-09T18:26:27.128Z [INFO] Servidor Diesel Ctrl ejecutándose en http://localhost:3000 
2026-03-09T18:26:27.133Z [INFO] 📦 Backup automático creado: backup_2026-03-09T18-26-27-119Z.sqlite 
2026-03-09T18:49:12.160Z [INFO] Recibida señal SIGINT, cerrando servidor... 
2026-03-09T18:49:14.046Z [INFO] Servidor Diesel Ctrl ejecutándose en http://localhost:3000 
2026-03-09T18:49:14.049Z [INFO] 📦 Backup automático creado: backup_2026-03-09T18-49-14-037Z.sqlite 
2026-03-09T18:54:46.555Z [INFO] Recibida señal SIGINT, cerrando servidor... 
2026-03-09T18:54:48.811Z [INFO] Servidor Diesel Ctrl ejecutándose en http://localhost:3000 
2026-03-09T18:54:48.821Z [INFO] 📦 Backup automático creado: backup_2026-03-09T18-54-48-799Z.sqlite 
2026-03-09T19:00:15.827Z [INFO] Recibida señal SIGINT, cerrando servidor... 
2026-03-09T19:00:17.660Z [INFO] Servidor Diesel Ctrl ejecutándose en http://localhost:3000 
2026-03-09T19:00:17.664Z [INFO] 📦 Backup automático creado: backup_2026-03-09T19-00-17-652Z.sqlite 
2026-03-09T19:23:19.241Z [INFO] Recibida señal SIGINT, cerrando servidor... 
2026-03-09T19:23:22.154Z [INFO] Servidor Diesel Ctrl ejecutándose en http://localhost:3000 
2026-03-09T19:23:22.165Z [INFO] 📦 Backup automático creado: backup_2026-03-09T19-23-22-140Z.sqlite 
2026-03-09T20:07:39.443Z [INFO] Recibida señal SIGINT, cerrando servidor... 
2026-03-09T20:07:41.308Z [INFO] Servidor Diesel Ctrl ejecutándose en http://localhost:3000 
2026-03-09T20:07:41.312Z [INFO] 📦 Backup automático creado: backup_2026-03-09T20-07-41-299Z.sqlite 
2026-03-09T20:17:11.202Z [INFO] Recibida señal SIGINT, cerrando servidor... 
2026-03-09T20:17:13.376Z [INFO] Servidor Diesel Ctrl ejecutándose en http://localhost:3000 
2026-03-09T20:17:13.380Z [INFO] 📦 Backup automático creado: backup_2026-03-09T20-17-13-368Z.sqlite 
