2026-02-05T14:26:03.725Z [INFO] Servidor Diesel Ctrl ejecut치ndose en http://localhost:3000 
2026-02-05T14:26:03.741Z [INFO] 游닍 Backup autom치tico creado: backup_2026-02-05T14-26-03-665Z.sqlite 
2026-02-05T15:43:24.654Z [INFO] Recibida se침al SIGINT, cerrando servidor... 
2026-02-05T15:43:27.454Z [INFO] Servidor Diesel Ctrl ejecut치ndose en http://localhost:3000 
2026-02-05T15:43:27.458Z [INFO] 游닍 Backup autom치tico creado: backup_2026-02-05T15-43-27-443Z.sqlite 
2026-02-05T15:55:13.998Z [INFO] Recibida se침al SIGINT, cerrando servidor... 
2026-02-05T15:55:16.501Z [INFO] Servidor Diesel Ctrl ejecut치ndose en http://localhost:3000 
2026-02-05T15:55:16.505Z [INFO] 游닍 Backup autom치tico creado: backup_2026-02-05T15-55-16-490Z.sqlite 
2026-02-05T16:04:49.849Z [INFO] Recibida se침al SIGINT, cerrando servidor... 
2026-02-05T16:04:53.406Z [INFO] Servidor Diesel Ctrl ejecut치ndose en http://localhost:3000 
2026-02-05T16:04:53.410Z [INFO] 游닍 Backup autom치tico creado: backup_2026-02-05T16-04-53-397Z.sqlite 
2026-02-05T16:20:10.893Z [INFO] Recibida se침al SIGINT, cerrando servidor... 
2026-02-05T16:20:13.836Z [INFO] Servidor Diesel Ctrl ejecut치ndose en http://localhost:3000 
2026-02-05T16:20:13.840Z [INFO] 游닍 Backup autom치tico creado: backup_2026-02-05T16-20-13-824Z.sqlite 
2026-02-05T16:26:47.706Z [INFO] Recibida se침al SIGINT, cerrando servidor... 
2026-02-05T16:26:50.569Z [INFO] Servidor Diesel Ctrl ejecut치ndose en http://localhost:3000 
2026-02-05T16:26:50.572Z [INFO] 游닍 Backup autom치tico creado: backup_2026-02-05T16-26-50-559Z.sqlite 
2026-02-05T16:37:33.852Z [INFO] Recibida se침al SIGINT, cerrando servidor... 
2026-02-05T16:37:36.331Z [INFO] Servidor Diesel Ctrl ejecut치ndose en http://localhost:3000 
2026-02-05T16:37:36.335Z [INFO] 游닍 Backup autom치tico creado: backup_2026-02-05T16-37-36-320Z.sqlite 
2026-02-05T16:53:27.018Z [INFO] Recibida se침al SIGINT, cerrando servidor... 
2026-02-05T16:53:29.476Z [INFO] Servidor Diesel Ctrl ejecut치ndose en http://localhost:3000 
2026-02-05T16:53:29.480Z [INFO] 游닍 Backup autom치tico creado: backup_2026-02-05T16-53-29-466Z.sqlite 
2026-02-05T17:03:46.734Z [INFO] Recibida se침al SIGINT, cerrando servidor... 
2026-02-05T17:03:50.294Z [INFO] Servidor Diesel Ctrl ejecut치ndose en http://localhost:3000 
2026-02-05T17:03:50.297Z [INFO] 游닍 Backup autom치tico creado: backup_2026-02-05T17-03-50-284Z.sqlite 
2026-02-05T17:06:43.217Z [INFO] Recibida se침al SIGINT, cerrando servidor... 
2026-02-05T17:06:45.692Z [INFO] Servidor Diesel Ctrl ejecut치ndose en http://localhost:3000 
2026-02-05T17:06:45.696Z [INFO] 游닍 Backup autom치tico creado: backup_2026-02-05T17-06-45-680Z.sqlite 
2026-02-05T17:19:24.841Z [INFO] Recibida se침al SIGINT, cerrando servidor... 
2026-02-05T17:19:27.467Z [INFO] Servidor Diesel Ctrl ejecut치ndose en http://localhost:3000 
2026-02-05T17:19:27.471Z [INFO] 游닍 Backup autom치tico creado: backup_2026-02-05T17-19-27-458Z.sqlite 
2026-02-05T17:21:20.505Z [INFO] Recibida se침al SIGINT, cerrando servidor... 
2026-02-05T17:21:22.822Z [INFO] Servidor Diesel Ctrl ejecut치ndose en http://localhost:3000 
2026-02-05T17:21:22.829Z [INFO] 游닍 Backup autom치tico creado: backup_2026-02-05T17-21-22-812Z.sqlite 
2026-02-05T18:54:13.412Z [INFO] Recibida se침al SIGINT, cerrando servidor... 
2026-02-05T18:54:16.020Z [INFO] Servidor Diesel Ctrl ejecut치ndose en http://localhost:3000 
2026-02-05T18:54:16.024Z [INFO] 游닍 Backup autom치tico creado: backup_2026-02-05T18-54-16-011Z.sqlite 
2026-02-05T19:01:59.665Z [ERROR] Error procesando la venta El carrito est치 vac칤o o es inv치lido {"stack":"Error: El carrito est치 vac칤o o es inv치lido\n    at registrarVenta (C:\\Users\\ALPHA DIESEL\\Documents\\Diesel-CTRL\\server\\services\\ventasService.js:51:15)\n    at registrarVenta (C:\\Users\\ALPHA DIESEL\\Documents\\Diesel-CTRL\\server\\routes\\ventas.js:9:45)\n    at Layer.handle [as handle_request] (C:\\Users\\ALPHA DIESEL\\Documents\\Diesel-CTRL\\node_modules\\express\\lib\\router\\layer.js:95:5)\n    at next (C:\\Users\\ALPHA DIESEL\\Documents\\Diesel-CTRL\\node_modules\\express\\lib\\router\\route.js:149:13)\n    at next (C:\\Users\\ALPHA DIESEL\\Documents\\Diesel-CTRL\\server\\routes\\auth.js:244:5)\n    at Layer.handle [as handle_request] (C:\\Users\\ALPHA DIESEL\\Documents\\Diesel-CTRL\\node_modules\\express\\lib\\router\\layer.js:95:5)\n    at next (C:\\Users\\ALPHA DIESEL\\Documents\\Diesel-CTRL\\node_modules\\express\\lib\\router\\route.js:149:13)\n    at Route.dispatch (C:\\Users\\ALPHA DIESEL\\Documents\\Diesel-CTRL\\node_modules\\express\\lib\\router\\route.js:119:3)\n    at Layer.handle [as handle_request] (C:\\Users\\ALPHA DIESEL\\Documents\\Diesel-CTRL\\node_modules\\express\\lib\\router\\layer.js:95:5)\n    at C:\\Users\\ALPHA DIESEL\\Documents\\Diesel-CTRL\\node_modules\\express\\lib\\router\\index.js:284:15\n    at Function.process_params (C:\\Users\\ALPHA DIESEL\\Documents\\Diesel-CTRL\\node_modules\\express\\lib\\router\\index.js:346:12)\n    at next (C:\\Users\\ALPHA DIESEL\\Documents\\Diesel-CTRL\\node_modules\\express\\lib\\router\\index.js:280:10)\n    at Function.handle (C:\\Users\\ALPHA DIESEL\\Documents\\Diesel-CTRL\\node_modules\\express\\lib\\router\\index.js:175:3)\n    at router (C:\\Users\\ALPHA DIESEL\\Documents\\Diesel-CTRL\\node_modules\\express\\lib\\router\\index.js:47:12)\n    at Layer.handle [as handle_request] (C:\\Users\\ALPHA DIESEL\\Documents\\Diesel-CTRL\\node_modules\\express\\lib\\router\\layer.js:95:5)\n    at trim_prefix (C:\\Users\\ALPHA DIESEL\\Documents\\Diesel-CTRL\\node_modules\\express\\lib\\router\\index.js:328:13)\n    at C:\\Users\\ALPHA DIESEL\\Documents\\Diesel-CTRL\\node_modules\\express\\lib\\router\\index.js:286:9\n    at Function.process_params (C:\\Users\\ALPHA DIESEL\\Documents\\Diesel-CTRL\\node_modules\\express\\lib\\router\\index.js:346:12)\n    at next (C:\\Users\\ALPHA DIESEL\\Documents\\Diesel-CTRL\\node_modules\\express\\lib\\router\\index.js:280:10)\n    at C:\\Users\\ALPHA DIESEL\\Documents\\Diesel-CTRL\\node_modules\\body-parser\\lib\\read.js:137:5\n    at AsyncResource.runInAsyncScope (node:async_hooks:214:14)\n    at invokeCallback (C:\\Users\\ALPHA DIESEL\\Documents\\Diesel-CTRL\\node_modules\\raw-body\\index.js:238:16)\n    at done (C:\\Users\\ALPHA DIESEL\\Documents\\Diesel-CTRL\\node_modules\\raw-body\\index.js:227:7)\n    at IncomingMessage.onEnd (C:\\Users\\ALPHA DIESEL\\Documents\\Diesel-CTRL\\node_modules\\raw-body\\index.js:287:7)\n    at IncomingMessage.emit (node:events:518:28)\n    at endReadableNT (node:internal/streams/readable:1698:12)\n    at processTicksAndRejections (node:internal/process/task_queues:90:21)","url":"/ventas","method":"POST","user":2,"items":0,"cliente":"Cliente HTTP"}
2026-02-05T19:01:59.721Z [ERROR] Error creando cuenta por cobrar Total inv치lido {"stack":"Error: Total inv치lido\n    at crearCuenta (C:\\Users\\ALPHA DIESEL\\Documents\\Diesel-CTRL\\server\\services\\cobranzasService.js:127:11)\n    at crearCuenta (C:\\Users\\ALPHA DIESEL\\Documents\\Diesel-CTRL\\server\\routes\\cobranzas.js:66:20)\n    at Layer.handle [as handle_request] (C:\\Users\\ALPHA DIESEL\\Documents\\Diesel-CTRL\\node_modules\\express\\lib\\router\\layer.js:95:5)\n    at next (C:\\Users\\ALPHA DIESEL\\Documents\\Diesel-CTRL\\node_modules\\express\\lib\\router\\route.js:149:13)\n    at next (C:\\Users\\ALPHA DIESEL\\Documents\\Diesel-CTRL\\server\\routes\\auth.js:244:5)\n    at Layer.handle [as handle_request] (C:\\Users\\ALPHA DIESEL\\Documents\\Diesel-CTRL\\node_modules\\express\\lib\\router\\layer.js:95:5)\n    at next (C:\\Users\\ALPHA DIESEL\\Documents\\Diesel-CTRL\\node_modules\\express\\lib\\router\\route.js:149:13)\n    at Route.dispatch (C:\\Users\\ALPHA DIESEL\\Documents\\Diesel-CTRL\\node_modules\\express\\lib\\router\\route.js:119:3)\n    at Layer.handle [as handle_request] (C:\\Users\\ALPHA DIESEL\\Documents\\Diesel-CTRL\\node_modules\\express\\lib\\router\\layer.js:95:5)\n    at C:\\Users\\ALPHA DIESEL\\Documents\\Diesel-CTRL\\node_modules\\express\\lib\\router\\index.js:284:15\n    at Function.process_params (C:\\Users\\ALPHA DIESEL\\Documents\\Diesel-CTRL\\node_modules\\express\\lib\\router\\index.js:346:12)\n    at next (C:\\Users\\ALPHA DIESEL\\Documents\\Diesel-CTRL\\node_modules\\express\\lib\\router\\index.js:280:10)\n    at Function.handle (C:\\Users\\ALPHA DIESEL\\Documents\\Diesel-CTRL\\node_modules\\express\\lib\\router\\index.js:175:3)\n    at router (C:\\Users\\ALPHA DIESEL\\Documents\\Diesel-CTRL\\node_modules\\express\\lib\\router\\index.js:47:12)\n    at Layer.handle [as handle_request] (C:\\Users\\ALPHA DIESEL\\Documents\\Diesel-CTRL\\node_modules\\express\\lib\\router\\layer.js:95:5)\n    at trim_prefix (C:\\Users\\ALPHA DIESEL\\Documents\\Diesel-CTRL\\node_modules\\express\\lib\\router\\index.js:328:13)\n    at C:\\Users\\ALPHA DIESEL\\Documents\\Diesel-CTRL\\node_modules\\express\\lib\\router\\index.js:286:9\n    at Function.process_params (C:\\Users\\ALPHA DIESEL\\Documents\\Diesel-CTRL\\node_modules\\express\\lib\\router\\index.js:346:12)\n    at next (C:\\Users\\ALPHA DIESEL\\Documents\\Diesel-CTRL\\node_modules\\express\\lib\\router\\index.js:280:10)\n    at C:\\Users\\ALPHA DIESEL\\Documents\\Diesel-CTRL\\node_modules\\body-parser\\lib\\read.js:137:5\n    at AsyncResource.runInAsyncScope (node:async_hooks:214:14)\n    at invokeCallback (C:\\Users\\ALPHA DIESEL\\Documents\\Diesel-CTRL\\node_modules\\raw-body\\index.js:238:16)\n    at done (C:\\Users\\ALPHA DIESEL\\Documents\\Diesel-CTRL\\node_modules\\raw-body\\index.js:227:7)\n    at IncomingMessage.onEnd (C:\\Users\\ALPHA DIESEL\\Documents\\Diesel-CTRL\\node_modules\\raw-body\\index.js:287:7)\n    at IncomingMessage.emit (node:events:518:28)\n    at endReadableNT (node:internal/streams/readable:1698:12)\n    at processTicksAndRejections (node:internal/process/task_queues:90:21)","url":"/cobranzas","method":"POST","user":2}
