2026-02-06T15:07:50.373Z [INFO] Servidor Diesel Ctrl ejecut치ndose en http://localhost:3000 
2026-02-06T15:07:50.377Z [INFO] 游닍 Backup autom치tico creado: backup_2026-02-06T15-07-50-361Z.sqlite 
2026-02-06T15:15:06.963Z [INFO] Recibida se침al SIGINT, cerrando servidor... 
2026-02-06T15:15:47.807Z [INFO] Servidor Diesel Ctrl ejecut치ndose en http://localhost:3000 
2026-02-06T15:15:47.812Z [INFO] 游닍 Backup autom치tico creado: backup_2026-02-06T15-15-47-797Z.sqlite 
2026-02-06T15:16:19.273Z [INFO] Recibida se침al SIGINT, cerrando servidor... 
2026-02-06T15:17:51.705Z [INFO] Servidor Diesel Ctrl ejecut치ndose en http://localhost:3000 
2026-02-06T15:17:51.709Z [INFO] 游닍 Backup autom치tico creado: backup_2026-02-06T15-17-51-695Z.sqlite 
2026-02-06T15:18:19.518Z [INFO] Servidor Diesel Ctrl ejecut치ndose en http://localhost:3000 
2026-02-06T15:18:19.522Z [INFO] 游닍 Backup autom치tico creado: backup_2026-02-06T15-18-19-509Z.sqlite 
2026-02-06T15:19:16.425Z [INFO] Recibida se침al SIGINT, cerrando servidor... 
2026-02-06T15:20:20.925Z [INFO] Servidor Diesel Ctrl ejecut치ndose en http://localhost:3000 
2026-02-06T15:20:20.929Z [INFO] 游닍 Backup autom치tico creado: backup_2026-02-06T15-20-20-916Z.sqlite 
2026-02-06T15:40:20.853Z [INFO] Servidor Diesel Ctrl ejecut치ndose en http://localhost:3000 
2026-02-06T15:40:20.862Z [INFO] 游닍 Backup autom치tico creado: backup_2026-02-06T15-40-20-842Z.sqlite 
2026-02-06T17:53:14.620Z [INFO] Recibida se침al SIGINT, cerrando servidor... 
2026-02-06T17:54:12.647Z [INFO] Servidor Diesel Ctrl ejecut치ndose en http://localhost:3000 
2026-02-06T17:54:12.651Z [INFO] 游닍 Backup autom치tico creado: backup_2026-02-06T17-54-12-638Z.sqlite 
2026-02-06T18:02:25.538Z [INFO] Recibida se침al SIGINT, cerrando servidor... 
2026-02-06T18:02:29.745Z [INFO] Servidor Diesel Ctrl ejecut치ndose en http://localhost:3000 
2026-02-06T18:02:29.756Z [INFO] 游닍 Backup autom치tico creado: backup_2026-02-06T18-02-29-626Z.sqlite 
2026-02-06T18:07:46.294Z [INFO] Recibida se침al SIGINT, cerrando servidor... 
2026-02-06T18:07:49.369Z [INFO] Servidor Diesel Ctrl ejecut치ndose en http://localhost:3000 
2026-02-06T18:07:49.373Z [INFO] 游닍 Backup autom치tico creado: backup_2026-02-06T18-07-49-360Z.sqlite 
2026-02-06T18:25:22.705Z [INFO] Recibida se침al SIGINT, cerrando servidor... 
2026-02-06T18:25:25.774Z [INFO] Servidor Diesel Ctrl ejecut치ndose en http://localhost:3000 
2026-02-06T18:25:25.778Z [INFO] 游닍 Backup autom치tico creado: backup_2026-02-06T18-25-25-765Z.sqlite 
2026-02-06T18:27:52.442Z [INFO] Recibida se침al SIGINT, cerrando servidor... 
2026-02-06T18:28:04.280Z [INFO] Servidor Diesel Ctrl ejecut치ndose en http://localhost:3000 
2026-02-06T18:28:04.286Z [INFO] 游닍 Backup autom치tico creado: backup_2026-02-06T18-28-04-270Z.sqlite 
2026-02-06T18:37:31.408Z [INFO] Recibida se침al SIGINT, cerrando servidor... 
2026-02-06T18:37:34.549Z [INFO] Servidor Diesel Ctrl ejecut치ndose en http://localhost:3000 
2026-02-06T18:37:34.555Z [INFO] 游닍 Backup autom치tico creado: backup_2026-02-06T18-37-34-540Z.sqlite 
2026-02-06T18:52:35.625Z [INFO] Servidor Diesel Ctrl ejecut치ndose en http://localhost:3000 
2026-02-06T18:52:35.629Z [INFO] 游닍 Backup autom치tico creado: backup_2026-02-06T18-52-35-613Z.sqlite 
2026-02-06T19:01:39.490Z [INFO] Servidor Diesel Ctrl ejecut치ndose en http://localhost:3000 
2026-02-06T19:01:39.494Z [INFO] 游닍 Backup autom치tico creado: backup_2026-02-06T19-01-39-481Z.sqlite 
2026-02-06T19:07:15.462Z [INFO] Servidor Diesel Ctrl ejecut치ndose en http://localhost:3000 
2026-02-06T19:07:15.477Z [INFO] 游닍 Backup autom치tico creado: backup_2026-02-06T19-07-15-441Z.sqlite 
2026-02-06T19:17:40.395Z [INFO] Recibida se침al SIGINT, cerrando servidor... 
2026-02-06T19:17:42.449Z [INFO] Servidor Diesel Ctrl ejecut치ndose en http://localhost:3000 
2026-02-06T19:17:42.453Z [INFO] 游닍 Backup autom치tico creado: backup_2026-02-06T19-17-42-440Z.sqlite 
2026-02-06T19:23:34.142Z [INFO] Recibida se침al SIGINT, cerrando servidor... 
2026-02-06T19:23:36.341Z [INFO] Servidor Diesel Ctrl ejecut치ndose en http://localhost:3000 
2026-02-06T19:23:36.345Z [INFO] 游닍 Backup autom치tico creado: backup_2026-02-06T19-23-36-333Z.sqlite 
2026-02-06T19:29:29.131Z [INFO] Recibida se침al SIGINT, cerrando servidor... 
2026-02-06T19:29:31.895Z [INFO] Servidor Diesel Ctrl ejecut치ndose en http://localhost:3000 
2026-02-06T19:29:31.899Z [INFO] 游닍 Backup autom치tico creado: backup_2026-02-06T19-29-31-887Z.sqlite 
2026-02-06T19:43:09.332Z [INFO] Recibida se침al SIGINT, cerrando servidor... 
2026-02-06T19:43:12.385Z [INFO] Servidor Diesel Ctrl ejecut치ndose en http://localhost:3000 
2026-02-06T19:43:12.389Z [INFO] 游닍 Backup autom치tico creado: backup_2026-02-06T19-43-12-377Z.sqlite 
2026-02-06T19:53:30.034Z [INFO] Recibida se침al SIGINT, cerrando servidor... 
2026-02-06T19:53:32.748Z [INFO] Servidor Diesel Ctrl ejecut치ndose en http://localhost:3000 
2026-02-06T19:53:32.752Z [INFO] 游닍 Backup autom치tico creado: backup_2026-02-06T19-53-32-739Z.sqlite 
2026-02-06T19:53:36.426Z [ERROR] Error alertas morosos: no such column: v.empresa_id {"stack":"SqliteError: no such column: v.empresa_id\n    at Database.prepare (C:\\Users\\ALPHA DIESEL\\Documents\\Diesel-CTRL\\node_modules\\better-sqlite3\\lib\\methods\\wrappers.js:5:21)\n    at getMorosos (C:\\Users\\ALPHA DIESEL\\Documents\\Diesel-CTRL\\server\\routes\\alertas.js:50:13)\n    at C:\\Users\\ALPHA DIESEL\\Documents\\Diesel-CTRL\\server\\routes\\alertas.js:73:30\n    at Layer.handle [as handle_request] (C:\\Users\\ALPHA DIESEL\\Documents\\Diesel-CTRL\\node_modules\\express\\lib\\router\\layer.js:95:5)\n    at next (C:\\Users\\ALPHA DIESEL\\Documents\\Diesel-CTRL\\node_modules\\express\\lib\\router\\route.js:149:13)\n    at requireAuth (C:\\Users\\ALPHA DIESEL\\Documents\\Diesel-CTRL\\server\\routes\\auth.js:296:14)\n    at Layer.handle [as handle_request] (C:\\Users\\ALPHA DIESEL\\Documents\\Diesel-CTRL\\node_modules\\express\\lib\\router\\layer.js:95:5)\n    at next (C:\\Users\\ALPHA DIESEL\\Documents\\Diesel-CTRL\\node_modules\\express\\lib\\router\\route.js:149:13)\n    at Route.dispatch (C:\\Users\\ALPHA DIESEL\\Documents\\Diesel-CTRL\\node_modules\\express\\lib\\router\\route.js:119:3)\n    at Layer.handle [as handle_request] (C:\\Users\\ALPHA DIESEL\\Documents\\Diesel-CTRL\\node_modules\\express\\lib\\router\\layer.js:95:5)","url":"/alertas/morosos"}
2026-02-06T19:53:49.766Z [ERROR] Error alertas morosos: no such column: v.empresa_id {"stack":"SqliteError: no such column: v.empresa_id\n    at Database.prepare (C:\\Users\\ALPHA DIESEL\\Documents\\Diesel-CTRL\\node_modules\\better-sqlite3\\lib\\methods\\wrappers.js:5:21)\n    at getMorosos (C:\\Users\\ALPHA DIESEL\\Documents\\Diesel-CTRL\\server\\routes\\alertas.js:50:13)\n    at C:\\Users\\ALPHA DIESEL\\Documents\\Diesel-CTRL\\server\\routes\\alertas.js:73:30\n    at Layer.handle [as handle_request] (C:\\Users\\ALPHA DIESEL\\Documents\\Diesel-CTRL\\node_modules\\express\\lib\\router\\layer.js:95:5)\n    at next (C:\\Users\\ALPHA DIESEL\\Documents\\Diesel-CTRL\\node_modules\\express\\lib\\router\\route.js:149:13)\n    at requireAuth (C:\\Users\\ALPHA DIESEL\\Documents\\Diesel-CTRL\\server\\routes\\auth.js:296:14)\n    at Layer.handle [as handle_request] (C:\\Users\\ALPHA DIESEL\\Documents\\Diesel-CTRL\\node_modules\\express\\lib\\router\\layer.js:95:5)\n    at next (C:\\Users\\ALPHA DIESEL\\Documents\\Diesel-CTRL\\node_modules\\express\\lib\\router\\route.js:149:13)\n    at Route.dispatch (C:\\Users\\ALPHA DIESEL\\Documents\\Diesel-CTRL\\node_modules\\express\\lib\\router\\route.js:119:3)\n    at Layer.handle [as handle_request] (C:\\Users\\ALPHA DIESEL\\Documents\\Diesel-CTRL\\node_modules\\express\\lib\\router\\layer.js:95:5)","url":"/alertas/morosos"}
2026-02-06T19:54:50.408Z [ERROR] Error alertas morosos: no such column: v.empresa_id {"stack":"SqliteError: no such column: v.empresa_id\n    at Database.prepare (C:\\Users\\ALPHA DIESEL\\Documents\\Diesel-CTRL\\node_modules\\better-sqlite3\\lib\\methods\\wrappers.js:5:21)\n    at getMorosos (C:\\Users\\ALPHA DIESEL\\Documents\\Diesel-CTRL\\server\\routes\\alertas.js:50:13)\n    at C:\\Users\\ALPHA DIESEL\\Documents\\Diesel-CTRL\\server\\routes\\alertas.js:73:30\n    at Layer.handle [as handle_request] (C:\\Users\\ALPHA DIESEL\\Documents\\Diesel-CTRL\\node_modules\\express\\lib\\router\\layer.js:95:5)\n    at next (C:\\Users\\ALPHA DIESEL\\Documents\\Diesel-CTRL\\node_modules\\express\\lib\\router\\route.js:149:13)\n    at requireAuth (C:\\Users\\ALPHA DIESEL\\Documents\\Diesel-CTRL\\server\\routes\\auth.js:296:14)\n    at Layer.handle [as handle_request] (C:\\Users\\ALPHA DIESEL\\Documents\\Diesel-CTRL\\node_modules\\express\\lib\\router\\layer.js:95:5)\n    at next (C:\\Users\\ALPHA DIESEL\\Documents\\Diesel-CTRL\\node_modules\\express\\lib\\router\\route.js:149:13)\n    at Route.dispatch (C:\\Users\\ALPHA DIESEL\\Documents\\Diesel-CTRL\\node_modules\\express\\lib\\router\\route.js:119:3)\n    at Layer.handle [as handle_request] (C:\\Users\\ALPHA DIESEL\\Documents\\Diesel-CTRL\\node_modules\\express\\lib\\router\\layer.js:95:5)","url":"/alertas/morosos"}
2026-02-06T19:55:31.422Z [INFO] Recibida se침al SIGINT, cerrando servidor... 
2026-02-06T19:55:36.542Z [INFO] Servidor Diesel Ctrl ejecut치ndose en http://localhost:3000 
2026-02-06T19:55:36.545Z [INFO] 游닍 Backup autom치tico creado: backup_2026-02-06T19-55-36-533Z.sqlite 
2026-02-06T19:58:07.434Z [ERROR] Error global Illegal invocation {"stack":"TypeError: Illegal invocation\n    at C:\\Users\\ALPHA DIESEL\\Documents\\Diesel-CTRL\\server\\routes\\busqueda.js:20:12\n    at Layer.handle [as handle_request] (C:\\Users\\ALPHA DIESEL\\Documents\\Diesel-CTRL\\node_modules\\express\\lib\\router\\layer.js:95:5)\n    at next (C:\\Users\\ALPHA DIESEL\\Documents\\Diesel-CTRL\\node_modules\\express\\lib\\router\\route.js:149:13)\n    at requireAuth (C:\\Users\\ALPHA DIESEL\\Documents\\Diesel-CTRL\\server\\routes\\auth.js:296:14)\n    at Layer.handle [as handle_request] (C:\\Users\\ALPHA DIESEL\\Documents\\Diesel-CTRL\\node_modules\\express\\lib\\router\\layer.js:95:5)\n    at next (C:\\Users\\ALPHA DIESEL\\Documents\\Diesel-CTRL\\node_modules\\express\\lib\\router\\route.js:149:13)\n    at Route.dispatch (C:\\Users\\ALPHA DIESEL\\Documents\\Diesel-CTRL\\node_modules\\express\\lib\\router\\route.js:119:3)\n    at Layer.handle [as handle_request] (C:\\Users\\ALPHA DIESEL\\Documents\\Diesel-CTRL\\node_modules\\express\\lib\\router\\layer.js:95:5)\n    at C:\\Users\\ALPHA DIESEL\\Documents\\Diesel-CTRL\\node_modules\\express\\lib\\router\\index.js:284:15\n    at Function.process_params (C:\\Users\\ALPHA DIESEL\\Documents\\Diesel-CTRL\\node_modules\\express\\lib\\router\\index.js:346:12)","url":"/buscar?q=pl","method":"GET","user":6,"code":null,"status":500}
2026-02-06T19:58:46.733Z [ERROR] Error global Illegal invocation {"stack":"TypeError: Illegal invocation\n    at C:\\Users\\ALPHA DIESEL\\Documents\\Diesel-CTRL\\server\\routes\\busqueda.js:20:12\n    at Layer.handle [as handle_request] (C:\\Users\\ALPHA DIESEL\\Documents\\Diesel-CTRL\\node_modules\\express\\lib\\router\\layer.js:95:5)\n    at next (C:\\Users\\ALPHA DIESEL\\Documents\\Diesel-CTRL\\node_modules\\express\\lib\\router\\route.js:149:13)\n    at requireAuth (C:\\Users\\ALPHA DIESEL\\Documents\\Diesel-CTRL\\server\\routes\\auth.js:296:14)\n    at Layer.handle [as handle_request] (C:\\Users\\ALPHA DIESEL\\Documents\\Diesel-CTRL\\node_modules\\express\\lib\\router\\layer.js:95:5)\n    at next (C:\\Users\\ALPHA DIESEL\\Documents\\Diesel-CTRL\\node_modules\\express\\lib\\router\\route.js:149:13)\n    at Route.dispatch (C:\\Users\\ALPHA DIESEL\\Documents\\Diesel-CTRL\\node_modules\\express\\lib\\router\\route.js:119:3)\n    at Layer.handle [as handle_request] (C:\\Users\\ALPHA DIESEL\\Documents\\Diesel-CTRL\\node_modules\\express\\lib\\router\\layer.js:95:5)\n    at C:\\Users\\ALPHA DIESEL\\Documents\\Diesel-CTRL\\node_modules\\express\\lib\\router\\index.js:284:15\n    at Function.process_params (C:\\Users\\ALPHA DIESEL\\Documents\\Diesel-CTRL\\node_modules\\express\\lib\\router\\index.js:346:12)","url":"/buscar?q=pl","method":"GET","user":6,"code":null,"status":500}
2026-02-06T20:02:43.171Z [ERROR] Error global Illegal invocation {"stack":"TypeError: Illegal invocation\n    at C:\\Users\\ALPHA DIESEL\\Documents\\Diesel-CTRL\\server\\routes\\busqueda.js:20:12\n    at Layer.handle [as handle_request] (C:\\Users\\ALPHA DIESEL\\Documents\\Diesel-CTRL\\node_modules\\express\\lib\\router\\layer.js:95:5)\n    at next (C:\\Users\\ALPHA DIESEL\\Documents\\Diesel-CTRL\\node_modules\\express\\lib\\router\\route.js:149:13)\n    at requireAuth (C:\\Users\\ALPHA DIESEL\\Documents\\Diesel-CTRL\\server\\routes\\auth.js:296:14)\n    at Layer.handle [as handle_request] (C:\\Users\\ALPHA DIESEL\\Documents\\Diesel-CTRL\\node_modules\\express\\lib\\router\\layer.js:95:5)\n    at next (C:\\Users\\ALPHA DIESEL\\Documents\\Diesel-CTRL\\node_modules\\express\\lib\\router\\route.js:149:13)\n    at Route.dispatch (C:\\Users\\ALPHA DIESEL\\Documents\\Diesel-CTRL\\node_modules\\express\\lib\\router\\route.js:119:3)\n    at Layer.handle [as handle_request] (C:\\Users\\ALPHA DIESEL\\Documents\\Diesel-CTRL\\node_modules\\express\\lib\\router\\layer.js:95:5)\n    at C:\\Users\\ALPHA DIESEL\\Documents\\Diesel-CTRL\\node_modules\\express\\lib\\router\\index.js:284:15\n    at Function.process_params (C:\\Users\\ALPHA DIESEL\\Documents\\Diesel-CTRL\\node_modules\\express\\lib\\router\\index.js:346:12)","url":"/buscar?q=pl","method":"GET","user":6,"code":null,"status":500}
2026-02-06T20:04:31.428Z [INFO] Recibida se침al SIGINT, cerrando servidor... 
2026-02-06T20:05:26.182Z [INFO] Servidor Diesel Ctrl ejecut치ndose en http://localhost:3000 
2026-02-06T20:05:26.185Z [INFO] 游닍 Backup autom치tico creado: backup_2026-02-06T20-05-26-174Z.sqlite 
2026-02-06T20:22:27.674Z [INFO] Recibida se침al SIGINT, cerrando servidor... 
2026-02-06T20:22:41.018Z [INFO] Servidor Diesel Ctrl ejecut치ndose en http://localhost:3000 
2026-02-06T20:22:41.022Z [INFO] 游닍 Backup autom치tico creado: backup_2026-02-06T20-22-41-010Z.sqlite 
